('是', -1.7262636195219772)
('成长型', 0.2681674303912026)
('混合型', -0.18568531932999982)
('价值型', -0.08248211106122037)
('小盘股', -0.17401888168978813)
('中盘股', -1.4481182600691753)
('大盘股', 1.6221371417589825)
('avg_price_mean_x', 0.05500786616438432)
('avg_price_std_x', 1.2923551072312365)
('fund_shareholding_mean', -0.13924508305454866)
('fund_shareholding_std', 0.08369322476200047)
('fund_number_mean', -0.35022558320583036)
('fund_number_std', 0.32309850876393953)
('close_price_mean', -0.08239718753089832)
('close_price_std', 0.2784689915973034)
('avg_price_mean_y', -0.06697701091051805)
('avg_price_std_y', -0.2791692800427546)
('turnover_rate_mean', -0.007223431660509408)
('turnover_rate_std', -0.010996709368612672)
('amplitutde_mean', 0.00957158718643835)
('amplitutde_std', 0.00447954023067876)
('margin_diff_mean', -0.0014156426784887113)
('margin_diff_std', 0.0025567151444316136)
('share_ratio_of_funds_mean', -0.0017091256575605725)
('share_ratio_of_funds_std', 0.010908211961148141)
('num_of_funds_mean', 0.008423544589455594)
('num_of_funds_std', -0.008961149263064527)
('fund_owner_affinity_mean', -0.012779773011211241)
('fund_owner_affinity_std', -0.02368609015235381)
('cyclical_industry', 0.005332890060617372)
