('是', -3.033912650470725)
('成长型', -0.3112967622039374)
('混合型', 0.5619376343949455)
('价值型', -0.25064087219103576)
('小盘股', -0.5645863762107227)
('中盘股', -2.0828782477699366)
('大盘股', 2.6474646239806945)
('avg_price_mean_x', 0.5357129007283176)
('avg_price_std_x', 1.4306344889941585)
('fund_shareholding_mean', -0.21856827326937558)
('fund_shareholding_std', 0.14582314708815267)
('fund_number_mean', -0.33698316896691977)
('fund_number_std', 0.3388973643080038)
('close_price_mean', 0.1315234812080573)
('close_price_std', 0.217962175457343)
('avg_price_mean_y', -0.2833367866519909)
('avg_price_std_y', -0.24241429079907154)
('turnover_rate_mean', 0.003600592158070342)
('turnover_rate_std', -0.0218666667962003)
('amplitutde_mean', -0.0018613137416712035)
('amplitutde_std', 0.015702525017924532)
('margin_diff_mean', -0.012820335582556429)
('margin_diff_std', 0.007670348372994625)
('share_ratio_of_funds_mean', 0.007476409968635071)
('share_ratio_of_funds_std', 0.016905209700022204)
('num_of_funds_mean', -0.06365840040494872)
('num_of_funds_std', 0.037951970793062846)
('fund_owner_affinity_mean', -0.08195469582757757)
('fund_owner_affinity_std', -0.1601154554879717)
('cyclical_industry', 0.03154863453907117)
