('是', -2.5818925392869216)
('成长型', -0.2025968123877485)
('混合型', 0.45849270052789254)
('价值型', -0.2558958881401707)
('小盘股', -0.44591150612763125)
('中盘股', -2.0999051444525403)
('大盘股', 2.545816650580203)
('avg_price_mean_x', 0.28139495904736866)
('avg_price_std_x', 2.2236499827768155)
('fund_shareholding_mean', -0.1727175418075613)
('fund_shareholding_std', 0.11192698899349623)
('fund_number_mean', -0.54188750637342)
('fund_number_std', 0.49392030239948553)
('close_price_mean', 0.10337492096082916)
('close_price_std', 0.16858931104729644)
('avg_price_mean_y', -0.21054542503107324)
('avg_price_std_y', -0.19064508609050804)
('turnover_rate_mean', -0.020259577765560314)
('turnover_rate_std', -0.00021389896675736396)
('amplitutde_mean', 0.0038349065996512686)
('amplitutde_std', -0.014665636584132656)
('margin_diff_mean', -0.008255260575003844)
('margin_diff_std', -0.0020695619650790958)
('share_ratio_of_funds_mean', -0.00042174446243745806)
('share_ratio_of_funds_std', 0.017202796154441757)
('num_of_funds_mean', 0.009376955592547823)
('num_of_funds_std', -0.012830057442140982)
('fund_owner_affinity_mean', -0.059058937937187625)
('fund_owner_affinity_std', -0.11959281866084377)
('cyclical_industry', 0.03443326191173257)
